<?xml version="1.0" encoding="UTF-8"?>
<!-- Generated by org.testng.reporters.JUnitReportReporter -->
<testsuite hostname="LAPTOP-6OACLVLF" failures="0" tests="3" name="cucumberExamples.Cucumber_TestRunner_Class" time="32.603" errors="0" timestamp="2022-02-17T08:22:36 IST" skipped="0">
  <testcase classname="cucumberExamples.Cucumber_TestRunner_Class" name="runScenario" time="10.007"/>
  <system-out/>
  <testcase classname="cucumberExamples.Cucumber_TestRunner_Class" name="runScenario" time="12.493"/>
  <system-out/>
  <testcase classname="cucumberExamples.Cucumber_TestRunner_Class" name="runScenario" time="10.103"/>
  <system-out/>
</testsuite> <!-- cucumberExamples.Cucumber_TestRunner_Class -->
