<?xml version="1.0" encoding="UTF-8"?>
<!-- Generated by org.testng.reporters.JUnitReportReporter -->
<testsuite skipped="0" hostname="LAPTOP-6OACLVLF" name="cucumberExamples.Cucumber_TestRunner_Class" tests="3" failures="0" timestamp="2022-02-18T08:18:04 IST" time="33.347" errors="0">
  <testcase name="runScenario" time="12.677" classname="cucumberExamples.Cucumber_TestRunner_Class"/>
  <system-out/>
  <testcase name="runScenario" time="10.502" classname="cucumberExamples.Cucumber_TestRunner_Class"/>
  <system-out/>
  <testcase name="runScenario" time="10.168" classname="cucumberExamples.Cucumber_TestRunner_Class"/>
  <system-out/>
</testsuite> <!-- cucumberExamples.Cucumber_TestRunner_Class -->
